<?xml version="1.0" encoding="UTF-8"?>
<!-- Generated by org.testng.reporters.JUnitXMLReporter -->
<testsuite ignored="0" hostname="dominic-To-be-filled-by-O-E-M" failures="2" tests="2" name="Default test" time="3.069" errors="0" timestamp="2022-02-19T23:29:49 IST">
  <testcase classname="io.cucumber.testng.AbstractTestNGCucumberTests" name="runScenario" time="0.267">
    <failure type="java.lang.NullPointerException" message="Cannot invoke &amp;quot;com.Reports.CreateReport.createTest(String, String)&amp;quot; because &amp;quot;this.report&amp;quot; is null">
      <![CDATA[java.lang.NullPointerException: Cannot invoke "com.Reports.CreateReport.createTest(String, String)" because "this.report" is null
at testSteps.Login.createTest(Login.java:32)
]]>
    </failure>
  </testcase> <!-- runScenario -->
  <testcase classname="io.cucumber.testng.AbstractTestNGCucumberTests" name="runScenario" time="0.271">
    <failure type="java.lang.NullPointerException" message="Cannot invoke &amp;quot;com.Reports.CreateReport.createTest(String, String)&amp;quot; because &amp;quot;this.report&amp;quot; is null">
      <![CDATA[java.lang.NullPointerException: Cannot invoke "com.Reports.CreateReport.createTest(String, String)" because "this.report" is null
at testSteps.Login.createTest(Login.java:32)
]]>
    </failure>
  </testcase> <!-- runScenario -->
</testsuite> <!-- Default test -->
