<?xml version="1.0" encoding="UTF-8"?>
<!-- Generated by org.testng.reporters.JUnitXMLReporter -->
<testsuite hostname="dominic-To-be-filled-by-O-E-M" ignored="0" name="chrome" tests="2" failures="0" timestamp="2021-11-29T18:16:15 IST" time="1.94" errors="0">
  <testcase name="browserName" time="0.007" classname="com.testNgClass.Browser"/>
  <testcase name="runScenario" time="0.0" classname="io.cucumber.testng.AbstractTestNGCucumberTests">
    <skipped/>
  </testcase> <!-- runScenario -->
</testsuite> <!-- chrome -->
