<?xml version="1.0" encoding="UTF-8"?>
<testng-results ignored="0" total="3" passed="3" failed="0" skipped="0">
  <reporter-output>
  </reporter-output>
  <suite started-at="2022-02-20T13:16:20 IST" name="Automatio Practice" finished-at="2022-02-20T13:16:40 IST" duration-ms="20377">
    <groups>
      <group name="cucumber">
        <method signature="AbstractTestNGCucumberTests.runScenario(io.cucumber.testng.PickleWrapper,io.cucumber.testng.FeatureWrapper)[pri:0, instance:com.runner.TestRunner@451001e5]" name="runScenario" class="io.cucumber.testng.AbstractTestNGCucumberTests"/>
      </group> <!-- cucumber -->
    </groups>
    <test started-at="2022-02-20T13:16:20 IST" name="Chrome" finished-at="2022-02-20T13:16:40 IST" duration-ms="20377">
      <class name="com.runner.TestRunner">
        <test-method is-config="true" signature="setUpClass(org.testng.ITestContext)[pri:0, instance:com.runner.TestRunner@451001e5]" started-at="2022-02-20T13:16:20 IST" name="setUpClass" finished-at="2022-02-20T13:16:21 IST" duration-ms="455" status="PASS">
          <params>
            <param index="0">
              <value>
                <![CDATA[org.testng.TestRunner@5bc28f40]]>
              </value>
            </param>
          </params>
          <reporter-output>
          </reporter-output>
        </test-method> <!-- setUpClass -->
        <test-method is-config="true" signature="createReport()[pri:0, instance:com.runner.TestRunner@451001e5]" started-at="2022-02-20T13:16:21 IST" name="createReport" finished-at="2022-02-20T13:16:21 IST" duration-ms="176" status="PASS">
          <reporter-output>
          </reporter-output>
        </test-method> <!-- createReport -->
        <test-method signature="runScenario(io.cucumber.testng.PickleWrapper,io.cucumber.testng.FeatureWrapper)[pri:0, instance:com.runner.TestRunner@451001e5]" started-at="2022-02-20T13:16:21 IST" name="runScenario" description="Runs Cucumber Scenarios" data-provider="scenarios" finished-at="2022-02-20T13:16:39 IST" duration-ms="17759" status="PASS">
          <params>
            <param index="0">
              <value>
                <![CDATA["Login Scenario"]]>
              </value>
            </param>
            <param index="1">
              <value>
                <![CDATA["Optional[Login]"]]>
              </value>
            </param>
          </params>
          <reporter-output>
          </reporter-output>
        </test-method> <!-- runScenario -->
        <test-method signature="runScenario(io.cucumber.testng.PickleWrapper,io.cucumber.testng.FeatureWrapper)[pri:0, instance:com.runner.TestRunner@451001e5]" started-at="2022-02-20T13:16:21 IST" name="runScenario" description="Runs Cucumber Scenarios" data-provider="scenarios" finished-at="2022-02-20T13:16:35 IST" duration-ms="13822" status="PASS">
          <params>
            <param index="0">
              <value>
                <![CDATA["Register"]]>
              </value>
            </param>
            <param index="1">
              <value>
                <![CDATA["Optional[Login]"]]>
              </value>
            </param>
          </params>
          <reporter-output>
          </reporter-output>
        </test-method> <!-- runScenario -->
        <test-method is-config="true" signature="tearDownClass()[pri:0, instance:com.runner.TestRunner@451001e5]" started-at="2022-02-20T13:16:39 IST" name="tearDownClass" finished-at="2022-02-20T13:16:40 IST" duration-ms="1654" status="PASS">
          <reporter-output>
          </reporter-output>
        </test-method> <!-- tearDownClass -->
      </class> <!-- com.runner.TestRunner -->
      <class name="com.testNgClass.BrowserDriver">
        <test-method is-config="true" signature="getRemoteDriver()[pri:0, instance:com.testNgClass.BrowserDriver@16eb3ea3]" started-at="2022-02-20T13:16:20 IST" name="getRemoteDriver" finished-at="2022-02-20T13:16:20 IST" duration-ms="294" status="PASS">
          <reporter-output>
          </reporter-output>
        </test-method> <!-- getRemoteDriver -->
        <test-method signature="browserName(java.lang.String)[pri:0, instance:com.testNgClass.BrowserDriver@16eb3ea3]" started-at="2022-02-20T13:16:20 IST" name="browserName" finished-at="2022-02-20T13:16:20 IST" duration-ms="4" status="PASS">
          <params>
            <param index="0">
              <value>
                <![CDATA[Chrome]]>
              </value>
            </param>
          </params>
          <reporter-output>
          </reporter-output>
        </test-method> <!-- browserName -->
      </class> <!-- com.testNgClass.BrowserDriver -->
    </test> <!-- Chrome -->
  </suite> <!-- Automatio Practice -->
</testng-results>
