<?xml version="1.0" encoding="UTF-8"?>
<!-- Generated by org.testng.reporters.JUnitXMLReporter -->
<testsuite ignored="0" hostname="PCIN488277" failures="1" tests="2" name="Calculator" time="4.041" errors="0" timestamp="2022-02-03T00:58:06 IST">
  <testcase classname="com.testNgClass.BrowserDriver" name="browserName" time="0.005"/>
  <testcase classname="io.cucumber.testng.AbstractTestNGCucumberTests" name="runScenario" time="1.301">
    <failure type="java.lang.NullPointerException">
      <![CDATA[java.lang.NullPointerException
at org.monte.screenrecorder.ScreenRecorder.createMovieWriter(ScreenRecorder.java:382)
at org.monte.screenrecorder.ScreenRecorder.start(ScreenRecorder.java:489)
at com.Reports.ScreenRecorderUtil.startRecord(ScreenRecorderUtil.java:65)
at testSteps.Calc.user_opens_the_app(Calc.java:27)
at ✽.user opens the app(file:///C:/Users/931128/Downloads/Project/Customized-Testing-Framework/./src/test/resources/testSteps/desktop.feature:5)
]]>
    </failure>
  </testcase> <!-- runScenario -->
</testsuite> <!-- Calculator -->
