<?xml version="1.0" encoding="UTF-8"?>
<!-- Generated by org.testng.reporters.JUnitXMLReporter -->
<testsuite ignored="0" hostname="PCIN488277" failures="1" tests="2" name="Calculator" time="11.415" errors="0" timestamp="2022-02-09T11:37:31 IST">
  <testcase classname="com.testNgClass.BrowserDriver" name="browserName" time="0.004"/>
  <testcase classname="io.cucumber.testng.AbstractTestNGCucumberTests" name="runScenario" time="9.002">
    <failure type="java.lang.NullPointerException">
      <![CDATA[java.lang.NullPointerException
at testSteps.Login.close(Login.java:58)
]]>
    </failure>
  </testcase> <!-- runScenario -->
</testsuite> <!-- Calculator -->
