<?xml version="1.0" encoding="UTF-8"?>
<!-- Generated by org.testng.reporters.JUnitXMLReporter -->
<testsuite ignored="0" hostname="PCIN488277" failures="0" tests="3" name="Chrome" time="41.528" errors="0" timestamp="2022-01-16T22:45:49 IST">
  <testcase classname="com.testNgClass.BrowserDriver" name="browserName" time="0.01"/>
  <testcase classname="io.cucumber.testng.AbstractTestNGCucumberTests" name="runScenario" time="37.258"/>
  <testcase classname="io.cucumber.testng.AbstractTestNGCucumberTests" name="runScenario" time="37.567"/>
</testsuite> <!-- Chrome -->
