<?xml version="1.0" encoding="UTF-8"?>
<!-- Generated by org.testng.reporters.JUnitXMLReporter -->
<testsuite ignored="0" hostname="dominic-To-be-filled-by-O-E-M" failures="0" tests="3" name="Chrome" time="20.377" errors="0" timestamp="2022-02-20T13:16:40 IST">
  <testcase classname="com.testNgClass.BrowserDriver" name="browserName" time="0.004"/>
  <testcase classname="io.cucumber.testng.AbstractTestNGCucumberTests" name="runScenario" time="13.822"/>
  <testcase classname="io.cucumber.testng.AbstractTestNGCucumberTests" name="runScenario" time="17.759"/>
</testsuite> <!-- Chrome -->
