<?xml version="1.0" encoding="UTF-8"?>
<!-- Generated by org.testng.reporters.JUnitReportReporter -->
<testsuite skipped="0" hostname="dominic-To-be-filled-by-O-E-M" name="com.runner.TestRunner" tests="3" failures="0" timestamp="2022-06-18T19:12:45 IST" time="67.946" errors="1">
  <testcase name="runScenario" time="28.949" classname="com.runner.TestRunner"/>
  <system-out/>
  <testcase name="runScenario" time="25.564" classname="com.runner.TestRunner"/>
  <system-out/>
  <testcase name="runScenario" time="13.433" classname="com.runner.TestRunner">
    <error type="org.openqa.selenium.WebDriverException" message="An unknown server-side error occurred while processing the command. Original error: Could not proxy command to the remote server. Original error: socket hang up
Build info: version: &#039;4.2.2&#039;, revision: &#039;683ccb65d6&#039;
System info: host: &#039;dominic-To-be-filled-by-O-E-M&#039;, ip: &#039;127.0.1.1&#039;, os.name: &#039;Linux&#039;, os.arch: &#039;amd64&#039;, os.version: &#039;5.13.0-51-generic&#039;, java.version: &#039;1.8.0_202&#039;
Driver info: io.appium.java_client.android.AndroidDriver
Command: [a511c891-2d59-4ca8-966d-ecec6613ac1d, clickElement {id=00000000-0000-096a-ffff-ffff000000fe}]
Capabilities {appium:appActivity: com.monefy.activities.main...., appium:appPackage: com.monefy.app.lite, appium:automationName: UIautomator2, appium:databaseEnabled: false, appium:desired: {appActivity: com.monefy.activities.main...., appPackage: com.monefy.app.lite, automationName: UIautomator2, deviceName: Vivo 1951, platformName: android, platformVersion: 11, udId: f0d81e23}, appium:deviceApiLevel: 30, appium:deviceManufacturer: vivo, appium:deviceModel: vivo 1951, appium:deviceName: f0d81e23, appium:deviceScreenDensity: 480, appium:deviceScreenSize: 1080x2340, appium:deviceUDID: f0d81e23, appium:javascriptEnabled: true, appium:locationContextEnabled: false, appium:networkConnectionEnabled: true, appium:pixelRatio: 3, appium:platformVersion: 11, appium:statBarHeight: 96, appium:takesScreenshot: true, appium:udId: f0d81e23, appium:viewportRect: {height: 2022, left: 0, top: 96, width: 1080}, appium:warnings: {}, appium:webStorageEnabled: false, platformName: ANDROID}
Element: [[AndroidDriver:  on ANDROID (a511c891-2d59-4ca8-966d-ecec6613ac1d)] -&gt; id: com.monefy.app.lite:id/buttonClose]
Session ID: a511c891-2d59-4ca8-966d-ecec6613ac1d">
      <![CDATA[org.openqa.selenium.WebDriverException: An unknown server-side error occurred while processing the command. Original error: Could not proxy command to the remote server. Original error: socket hang up
Build info: version: '4.2.2', revision: '683ccb65d6'
System info: host: 'dominic-To-be-filled-by-O-E-M', ip: '127.0.1.1', os.name: 'Linux', os.arch: 'amd64', os.version: '5.13.0-51-generic', java.version: '1.8.0_202'
Driver info: io.appium.java_client.android.AndroidDriver
Command: [a511c891-2d59-4ca8-966d-ecec6613ac1d, clickElement {id=00000000-0000-096a-ffff-ffff000000fe}]
Capabilities {appium:appActivity: com.monefy.activities.main...., appium:appPackage: com.monefy.app.lite, appium:automationName: UIautomator2, appium:databaseEnabled: false, appium:desired: {appActivity: com.monefy.activities.main...., appPackage: com.monefy.app.lite, automationName: UIautomator2, deviceName: Vivo 1951, platformName: android, platformVersion: 11, udId: f0d81e23}, appium:deviceApiLevel: 30, appium:deviceManufacturer: vivo, appium:deviceModel: vivo 1951, appium:deviceName: f0d81e23, appium:deviceScreenDensity: 480, appium:deviceScreenSize: 1080x2340, appium:deviceUDID: f0d81e23, appium:javascriptEnabled: true, appium:locationContextEnabled: false, appium:networkConnectionEnabled: true, appium:pixelRatio: 3, appium:platformVersion: 11, appium:statBarHeight: 96, appium:takesScreenshot: true, appium:udId: f0d81e23, appium:viewportRect: {height: 2022, left: 0, top: 96, width: 1080}, appium:warnings: {}, appium:webStorageEnabled: false, platformName: ANDROID}
Element: [[AndroidDriver:  on ANDROID (a511c891-2d59-4ca8-966d-ecec6613ac1d)] -> id: com.monefy.app.lite:id/buttonClose]
Session ID: a511c891-2d59-4ca8-966d-ecec6613ac1d
at sun.reflect.NativeConstructorAccessorImpl.newInstance0(Native Method)
at sun.reflect.NativeConstructorAccessorImpl.newInstance(NativeConstructorAccessorImpl.java:62)
at sun.reflect.DelegatingConstructorAccessorImpl.newInstance(DelegatingConstructorAccessorImpl.java:45)
at java.lang.reflect.Constructor.newInstance(Constructor.java:423)
at org.openqa.selenium.remote.codec.w3c.W3CHttpResponseCodec.createException(W3CHttpResponseCodec.java:200)
at org.openqa.selenium.remote.codec.w3c.W3CHttpResponseCodec.decode(W3CHttpResponseCodec.java:133)
at org.openqa.selenium.remote.codec.w3c.W3CHttpResponseCodec.decode(W3CHttpResponseCodec.java:53)
at org.openqa.selenium.remote.HttpCommandExecutor.execute(HttpCommandExecutor.java:184)
at io.appium.java_client.remote.AppiumCommandExecutor.execute(AppiumCommandExecutor.java:180)
at org.openqa.selenium.remote.RemoteWebDriver.execute(RemoteWebDriver.java:588)
at org.openqa.selenium.remote.RemoteWebElement.execute(RemoteWebElement.java:257)
at org.openqa.selenium.remote.RemoteWebElement.click(RemoteWebElement.java:78)
at sun.reflect.NativeMethodAccessorImpl.invoke0(Native Method)
at sun.reflect.NativeMethodAccessorImpl.invoke(NativeMethodAccessorImpl.java:62)
at sun.reflect.DelegatingMethodAccessorImpl.invoke(DelegatingMethodAccessorImpl.java:43)
at java.lang.reflect.Method.invoke(Method.java:498)
at org.openqa.selenium.support.pagefactory.internal.LocatingElementHandler.invoke(LocatingElementHandler.java:52)
at com.sun.proxy.$Proxy29.click(Unknown Source)
at com.monefy.app.StartActivity.clickGetStarted(StartActivity.java:34)
at testSteps.ExpenseIncome.user_launches_the_application(ExpenseIncome.java:42)
at ✽.user launches the application(file:///home/dominic/eclipse-workspace/Customized-Testing-Framework/./src/test/resources/testSteps/ExpenseIncome.feature:5)
]]>
    </error>
  </testcase> <!-- runScenario -->
  <system-out/>
</testsuite> <!-- com.runner.TestRunner -->
