<?xml version="1.0" encoding="UTF-8"?>
<!-- Generated by org.testng.reporters.JUnitReportReporter -->
<testsuite hostname="PCIN488277" failures="0" tests="1" name="com.runner.DeskTop" time="1.301" errors="1" timestamp="2022-02-03T00:58:06 IST" skipped="0">
  <testcase classname="com.runner.DeskTop" name="runScenario" time="1.301">
    <error type="java.lang.NullPointerException">
      <![CDATA[java.lang.NullPointerException
at org.monte.screenrecorder.ScreenRecorder.createMovieWriter(ScreenRecorder.java:382)
at org.monte.screenrecorder.ScreenRecorder.start(ScreenRecorder.java:489)
at com.Reports.ScreenRecorderUtil.startRecord(ScreenRecorderUtil.java:65)
at testSteps.Calc.user_opens_the_app(Calc.java:27)
at ✽.user opens the app(file:///C:/Users/931128/Downloads/Project/Customized-Testing-Framework/./src/test/resources/testSteps/desktop.feature:5)
]]>
    </error>
  </testcase> <!-- runScenario -->
  <system-out/>
</testsuite> <!-- com.runner.DeskTop -->
